<?xml version="1.0" encoding="UTF-8"?>
<!-- Generated by org.testng.reporters.JUnitXMLReporter -->
<testsuite ignored="0" hostname="DESKTOP-PVVGSRM" failures="0" tests="4" name="ClassA" time="0.055" errors="0" timestamp="01 Sep 2022 05:31:00 GMT">
  <testcase classname="com.timekeeping.actiTime.Selenium.basicProgram.ClassA" name="A" time="0.01"/>
  <testcase classname="com.timekeeping.actiTime.Selenium.basicProgram.ClassA" name="B" time="0.005"/>
  <testcase classname="com.timekeeping.actiTime.Selenium.basicProgram.ClassA" name="C" time="0.001"/>
  <testcase classname="com.timekeeping.actiTime.Selenium.basicProgram.ClassA" name="D" time="0.004"/>
</testsuite> <!-- ClassA -->
