<?xml version="1.0" encoding="UTF-8"?>
<!-- Generated by org.testng.reporters.JUnitXMLReporter -->
<testsuite ignored="0" hostname="DESKTOP-PVVGSRM" failures="0" tests="4" name="TastNg1" time="0.056" errors="0" timestamp="01 Sep 2022 05:26:33 GMT">
  <testcase classname="com.timekeeping.actiTime.Selenium.basicProgram.ClassA" name="A" time="0.01"/>
  <testcase classname="com.timekeeping.actiTime.Selenium.basicProgram.ClassA" name="B" time="0.002"/>
  <testcase classname="com.timekeeping.actiTime.Selenium.basicProgram.ClassA" name="C" time="0.003"/>
  <testcase classname="com.timekeeping.actiTime.Selenium.basicProgram.ClassA" name="D" time="0.002"/>
</testsuite> <!-- TastNg1 -->
