<?xml version="1.0" encoding="UTF-8"?>
<!-- Generated by org.testng.reporters.JUnitXMLReporter -->
<testsuite ignored="2" hostname="DESKTOP-PVVGSRM" failures="0" tests="2" name="Test" time="0.049" errors="0" timestamp="2022-09-08T11:52:28 IST">
  <testcase classname="com.timekeeping.actiTime.Selenium.basicProgram.ClassG" name="demo2" time="0.005"/>
  <testcase classname="com.timekeeping.actiTime.Selenium.basicProgram.ClassH" name="demo3" time="0.005"/>
  <testcase classname="com.timekeeping.actiTime.Selenium.genericUtility.BaseClass" name="@AfterSuite asConfig" time="0.0">
    <ignored/>
  </testcase> <!-- @AfterSuite asConfig -->
  <testcase classname="com.timekeeping.actiTime.Selenium.genericUtility.BaseClass" name="@BeforeSuite bsconfig" time="0.0">
    <ignored/>
  </testcase> <!-- @BeforeSuite bsconfig -->
</testsuite> <!-- Test -->
